<?xml version="1.0" encoding="UTF-8"?>
<!-- Generated by org.testng.reporters.JUnitReportReporter -->
<testsuite hostname="LAPTOP-BT17V4TJ" failures="0" tests="1" name="com.testng.demotestngclass" time="0.000" errors="0" timestamp="2022-09-17T12:43:17 IST" skipped="1">
  <testcase classname="com.testng.demotestngclass" name="name" time="0.000">
    <skipped/>
  </testcase> <!-- name -->
  <system-out/>
</testsuite> <!-- com.testng.demotestngclass -->
