<?xml version="1.0" encoding="UTF-8"?>
<!-- Generated by org.testng.reporters.JUnitReportReporter -->
<testsuite hostname="LAPTOP-BT17V4TJ" failures="0" tests="1" name="test.Testng" time="0.011" errors="0" timestamp="2022-09-10T18:01:53 IST" skipped="0">
  <testcase classname="test.Testng" name="mathod1" time="0.011"/>
  <system-out/>
</testsuite> <!-- test.Testng -->
