<?xml version="1.0" encoding="UTF-8"?>
<!-- Generated by org.testng.reporters.JUnitReportReporter -->
<testsuite hostname="LAPTOP-BT17V4TJ" failures="0" tests="2" name="testNG.Assertions" time="40.457" errors="0" timestamp="2022-09-14T12:45:28 IST" skipped="0">
  <testcase classname="testNG.Assertions" name="facebook" time="31.000"/>
  <system-out/>
  <testcase classname="testNG.Assertions" name="loginhrm" time="9.457"/>
  <system-out/>
</testsuite> <!-- testNG.Assertions -->
