<?xml version="1.0" encoding="UTF-8"?>
<!-- Generated by org.testng.reporters.JUnitReportReporter -->
<testsuite hostname="LAPTOP-BT17V4TJ" failures="0" tests="3" name="testNGBasic.annonations" time="0.034" errors="0" timestamp="2022-09-15T17:22:53 IST" skipped="0">
  <testcase classname="testNGBasic.annonations" name="Function1" time="0.013"/>
  <system-out/>
  <testcase classname="testNGBasic.annonations" name="Function" time="0.011"/>
  <system-out/>
  <testcase classname="testNGBasic.annonations" name="Function2" time="0.010"/>
  <system-out/>
</testsuite> <!-- testNGBasic.annonations -->
