<?xml version="1.0" encoding="UTF-8"?>
<!-- Generated by org.testng.reporters.JUnitReportReporter -->
<testsuite hostname="LAPTOP-BT17V4TJ" failures="0" tests="3" name="com.testng.annonations" time="0.000" errors="0" timestamp="2022-09-17T12:43:17 IST" skipped="3">
  <testcase classname="com.testng.annonations" name="Function1" time="0.000">
    <skipped/>
  </testcase> <!-- Function1 -->
  <system-out/>
  <testcase classname="com.testng.annonations" name="Function" time="0.000">
    <skipped/>
  </testcase> <!-- Function -->
  <system-out/>
  <testcase classname="com.testng.annonations" name="Function2" time="0.000">
    <skipped/>
  </testcase> <!-- Function2 -->
  <system-out/>
</testsuite> <!-- com.testng.annonations -->
