<?xml version="1.0" encoding="UTF-8"?>
<!-- Generated by org.testng.reporters.JUnitReportReporter -->
<testsuite hostname="LAPTOP-BT17V4TJ" failures="0" tests="1" name="testNG.demotestngclass" time="0.009" errors="0" timestamp="2022-09-14T13:14:58 IST" skipped="0">
  <testcase classname="testNG.demotestngclass" name="name" time="0.009"/>
  <system-out/>
</testsuite> <!-- testNG.demotestngclass -->
