<?xml version="1.0" encoding="UTF-8"?>
<!-- Generated by org.testng.reporters.JUnitReportReporter -->
<testsuite hostname="LAPTOP-BT17V4TJ" failures="0" tests="1" name="com.hrms.testscripts.TC001_LogInLogOut" time="163.756" errors="0" timestamp="2022-09-27T14:14:56 IST" skipped="0">
  <testcase classname="com.hrms.testscripts.TC001_LogInLogOut" name="TC001" time="163.756"/>
  <system-out>
    <![CDATA[Open Application]]>
  </system-out>
</testsuite> <!-- com.hrms.testscripts.TC001_LogInLogOut -->
