<?xml version="1.0" encoding="UTF-8"?>
<!-- Generated by org.testng.reporters.JUnitReportReporter -->
<testsuite hostname="LAPTOP-BT17V4TJ" failures="0" tests="2" name="com.testng.Hardassertexamples" time="73.071" errors="0" timestamp="2022-09-19T12:45:05 IST" skipped="1">
  <testcase classname="com.testng.Hardassertexamples" name="facebook" time="73.071"/>
  <system-out/>
  <testcase classname="com.testng.Hardassertexamples" name="loginhrm">
    <skipped/>
  </testcase> <!-- loginhrm -->
  <system-out/>
</testsuite> <!-- com.testng.Hardassertexamples -->
