<?xml version="1.0" encoding="UTF-8"?>
<!-- Generated by org.testng.reporters.JUnitReportReporter -->
<testsuite hostname="LAPTOP-BT17V4TJ" failures="0" tests="1" name="com.testng.PartiallyDataProvider" time="0.007" errors="0" timestamp="2022-09-22T13:01:23 IST" skipped="0">
  <testcase classname="com.testng.PartiallyDataProvider" name="method" time="0.007"/>
  <system-out/>
</testsuite> <!-- com.testng.PartiallyDataProvider -->
