<?xml version="1.0" encoding="UTF-8"?>
<!-- Generated by org.testng.reporters.JUnitReportReporter -->
<testsuite hostname="LAPTOP-BT17V4TJ" failures="0" tests="2" name="com.testng.ParameterofDataprovider" time="0.009" errors="0" timestamp="2022-09-22T12:25:05 IST" skipped="0">
  <testcase classname="com.testng.ParameterofDataprovider" name="method" time="0.001"/>
  <system-out/>
  <testcase classname="com.testng.ParameterofDataprovider" name="method" time="0.008"/>
  <system-out/>
</testsuite> <!-- com.testng.ParameterofDataprovider -->
