<?xml version="1.0" encoding="UTF-8"?>
<!-- Generated by org.testng.reporters.JUnitReportReporter -->
<testsuite hostname="LAPTOP-BT17V4TJ" failures="0" tests="1" name="testNG.Softassert" time="102.674" errors="0" timestamp="2022-09-14T17:17:14 IST" skipped="0">
  <testcase classname="testNG.Softassert" name="flipkart" time="102.674"/>
  <system-out/>
</testsuite> <!-- testNG.Softassert -->
