<?xml version="1.0" encoding="UTF-8"?>
<!-- Generated by org.testng.reporters.JUnitReportReporter -->
<testsuite hostname="LAPTOP-BT17V4TJ" failures="0" tests="4" name="com.testng.Igonre" time="0.023" errors="0" timestamp="2022-09-21T11:11:24 IST" skipped="0">
  <testcase classname="com.testng.Igonre" name="test1" time="0.009"/>
  <system-out/>
  <testcase classname="com.testng.Igonre" name="test4" time="0.005"/>
  <system-out/>
  <testcase classname="com.testng.Igonre" name="test2" time="0.005"/>
  <system-out/>
  <testcase classname="com.testng.Igonre" name="test3" time="0.004"/>
  <system-out/>
</testsuite> <!-- com.testng.Igonre -->
